<?xml version="1.0" encoding="UTF-8"?>
<testng-results ignored="0" total="1" passed="1" failed="0" skipped="0">
  <reporter-output>
  </reporter-output>
  <suite started-at="2024-11-30T11:38:15 EST" name="Default suite" finished-at="2024-11-30T11:38:32 EST" duration-ms="16477">
    <groups>
    </groups>
    <test started-at="2024-11-30T11:38:15 EST" name="Default test" finished-at="2024-11-30T11:38:32 EST" duration-ms="16477">
      <class name="com.cgi.test.LoginTest">
        <test-method is-config="true" signature="setup()[pri:0, instance:com.cgi.test.LoginTest@2e6a8155]" started-at="2024-11-30T11:38:16 EST" name="setup" finished-at="2024-11-30T11:38:25 EST" duration-ms="9302" status="PASS">
          <reporter-output>
          </reporter-output>
        </test-method> <!-- setup -->
        <test-method signature="validLoginTest()[pri:0, instance:com.cgi.test.LoginTest@2e6a8155]" started-at="2024-11-30T11:38:25 EST" name="validLoginTest" finished-at="2024-11-30T11:38:30 EST" duration-ms="5596" status="PASS">
          <reporter-output>
          </reporter-output>
        </test-method> <!-- validLoginTest -->
        <test-method is-config="true" signature="teardown()[pri:0, instance:com.cgi.test.LoginTest@2e6a8155]" started-at="2024-11-30T11:38:30 EST" name="teardown" finished-at="2024-11-30T11:38:32 EST" duration-ms="1524" status="PASS">
          <reporter-output>
          </reporter-output>
        </test-method> <!-- teardown -->
      </class> <!-- com.cgi.test.LoginTest -->
    </test> <!-- Default test -->
  </suite> <!-- Default suite -->
</testng-results>
