<?xml version="1.0" encoding="UTF-8"?>
<!-- Generated by org.testng.reporters.JUnitXMLReporter -->
<testsuite ignored="1" hostname="EC2AMAZ-NL7S7Q3" failures="0" tests="1" name="Default test" time="16.477" errors="0" timestamp="2024-11-30T11:38:32 EST">
  <testcase classname="com.cgi.test.LoginTest" name="validLoginTest" time="5.596"/>
  <testcase classname="com.cgi.test.LoginTest" name="InvalidLoginTest" time="0.0">
    <ignored/>
  </testcase> <!-- InvalidLoginTest -->
</testsuite> <!-- Default test -->
